For ft_strlcat, in /Users/nicolas/francinette/tests/libft/fsoares/test_strlcat.c:

Error in test 9: ft_strlcat("pqrstuvwxyz", "abcd", 20): expected: 15, yours: 19
Error in test 10: ft_strlcat("pqrs", "abcdefghi", 10): expected: 13, yours: 18
Error in test 11: ft_strlcat("pqrs", "abcdefghi", 11): expected: 13, yours: 19
Error in test 12: ft_strlcat("pqrs", "abcdefghi", 12): expected: 13, yours: 20
Error in test 13: ft_strlcat("pqrs", "abcdefghi", 13): expected: 13, yours: 21
Error in test 14: ft_strlcat("pqrs", "abcdefghi", 14): expected: 13, yours: 22
Error in test 15: ft_strlcat("pqrs", "abcdefghi", 15): expected: 13, yours: 22
Error in test 16: ft_strlcat("pqrs", "abcdefghi", 16): expected: 13, yours: 22
Error in test 17: ft_strlcat("pqrs", "abcdefghi", 17): expected: 13, yours: 22

For ft_strchr, in /Users/nicolas/francinette/tests/libft/fsoares/test_strchr.c:

Error in test 5: ft_strchr(0x100536060: "teste", 357: 'e'): expected: 0x100536061, yours: 0x0
Error in test 6: ft_strchr(0x100536060: "teste", 1024: '\0'): expected: 0x100536065, yours: 0x0

For ft_strrchr, in /Users/nicolas/francinette/tests/libft/fsoares/test_strrchr.c:

Error in test 5: ft_strrchr(0x1049f2020: "teste", 1125: 'e'): expected: 0x1049f2024, yours: 0x0
Error in test 6: ft_strrchr(0x1049f2020: "teste", 1024: '\0'): expected: 0x1049f2025, yours: 0x0

For ft_strncmp, in /Users/nicolas/francinette/tests/libft/fsoares/test_strncmp.c:

Error in test 19: ft_strncmp("abcdef", "abc\375xx", 5): 
expected sign: -1 (value: -1), yours sign: 1 (value: 103)


For ft_memchr, in /Users/nicolas/francinette/tests/libft/fsoares/test_memchr.c:

Error in test 10: ft_memchr(0x16ba92ec0, 131(83): '\203', 47): expected: 0x16ba92ec6, yours: 0x0
Memory content:
at 0x0x16ba92ec0: 3064 03f3 3774 83cf fbf4 8434 942d 9b3e ->  0d..7t.....4.-.>
at 0x0x16ba92ed0: eb05 c0e2 2b1b 5a6f 9a9d da72 5ff9 4697 ->  ....+.Zo...r_.F.
at 0x0x16ba92ee0: 513d b7b0 bbd4 c98d 7693 451a 56e4 7384 ->  Q=......v.E.V.s.


For ft_memcmp, in /Users/nicolas/francinette/tests/libft/fsoares/test_memcmp.c:

Error in test 9: ft_memcmp("abc", "abc", 7): 
expected sign: -1 (value: -19), yours sign: 0 (value: 0)

You are stoping at the '\0'

For ft_strnstr, in /Users/nicolas/francinette/tests/libft/fsoares/test_strnstr.c:

Error in test 12: ft_strnstr(0x102219f20: "abcdefgh", "abc", 2): Timeout occurred. You can increase the timeout by executing francinette --timeout <number of seconds>
For ft_atoi, in /Users/nicolas/francinette/tests/libft/fsoares/test_atoi.c:

Error in test 6: atoi("--123"): expected: 0, yours: 123
Error in test 7: atoi("-+123"): expected: 0, yours: -123
Error in test 8: atoi("+-123"): expected: 0, yours: -123
Error in test 9: atoi("++123"): expected: 0, yours: 123

For ft_strdup, in /Users/nicolas/francinette/tests/libft/fsoares/test_strdup.c:

Error in test 1: ft_strdup(""): Memory problems!
     in sigabort utils.c:58:1
     in escape_str utils.c:234:18
     in same_string utils.c:439:65
     in single_test_strdup test_strdup.c:7:2
     in test_strdup test_strdup.c:13:8
     in main test_strdup.c:22:2
15  dyld                                0x0000000196e6bf28 start + 2236

=================================================================
==67803==ERROR: AddressSanitizer: heap-buffer-overflow on address 0x0001083006f1 at pc 0x000105d69d0c bp 0x00016daaae60 sp 0x00016daaa620
READ of size 2 at 0x0001083006f1 thread T0
    #0 0x105d69d08 in wrap_strlen+0x264 (libclang_rt.asan_osx_dynamic.dylib:arm64e+0x15d08)
    #1 0x10235b70c in escape_str utils.c:234
    #2 0x10235d4c8 in same_string utils.c:439
    #3 0x102356c14 in single_test_strdup test_strdup.c:7
    #4 0x102356ce4 in test_strdup test_strdup.c:13
    #5 0x102356e84 in main test_strdup.c:22
    #6 0x196e6bf24  (<unknown module>)

0x0001083006f1 is located 0 bytes after 1-byte region [0x0001083006f0,0x0001083006f1)
allocated by thread T0 here:
    #0 0x105da6ba4 in wrap_malloc+0x94 (libclang_rt.asan_osx_dynamic.dylib:arm64e+0x52ba4)
    #1 0x102357014 in malloc malloc_mock.c:65
    #2 0x10235d860 in ft_strdup ft_strdup.c:24
    #3 0x102356c04 in single_test_strdup test_strdup.c:7
    #4 0x102356ce4 in test_strdup test_strdup.c:13
    #5 0x102356e84 in main test_strdup.c:22
    #6 0x196e6bf24  (<unknown module>)

SUMMARY: AddressSanitizer: heap-buffer-overflow (libclang_rt.asan_osx_dynamic.dylib:arm64e+0x15d08) in wrap_strlen+0x264

For ft_substr, in /Users/nicolas/francinette/tests/libft/fsoares/test_substr.c:

Error in test 1: ft_substr("", 0, 0): Memory problems!
0   test_substr.out                     0x0000000100036008 show_signal_msg + 556
1   test_substr.out                     0x0000000100036100 sigabort + 40
2   libsystem_platform.dylib            0x00000001971f2a24 _sigtramp + 56
3   libsystem_pthread.dylib             0x00000001971c3c28 pthread_kill + 288
4   libsystem_c.dylib                   0x00000001970d1ae8 abort + 180
5   libclang_rt.asan_osx_dynamic.dylib  0x0000000103aa70e8 _ZN11__sanitizer6AtexitEPFvvE + 0
6   libclang_rt.asan_osx_dynamic.dylib  0x0000000103aa67d8 _ZN11__sanitizer22SetCheckUnwindCallbackEPFvvE + 0
7   libclang_rt.asan_osx_dynamic.dylib  0x0000000103a8a980 _ZN6__asan16ErrorDescription5PrintEv + 0
8   libclang_rt.asan_osx_dynamic.dylib  0x0000000103a89c58 _ZN6__asan18ReportGenericErrorEmmmmbmjb + 1460
9   libclang_rt.asan_osx_dynamic.dylib  0x0000000103a45d2c wrap_strlen + 648
10  test_substr.out                     0x0000000100037564 escape_str + 176
11  test_substr.out                     0x0000000100039320 same_string + 256
12  test_substr.out                     0x0000000100032380 test_single_substr + 120
13  test_substr.out                     0x0000000100032458 test_substr + 44
14  test_substr.out                     0x0000000100032cdc main + 192
15  dyld                                0x0000000196e6bf28 start + 2236

=================================================================
==67805==ERROR: AddressSanitizer: heap-buffer-overflow on address 0x0001060006f1 at pc 0x000103a45d0c bp 0x00016fdcedf0 sp 0x00016fdce5b0
READ of size 2 at 0x0001060006f1 thread T0
    #0 0x103a45d08 in wrap_strlen+0x264 (libclang_rt.asan_osx_dynamic.dylib:arm64e+0x15d08)
    #1 0x100037560 in escape_str utils.c:234
    #2 0x10003931c in same_string utils.c:439
    #3 0x10003237c in test_single_substr test_substr.c:7
    #4 0x100032454 in test_substr test_substr.c:13
    #5 0x100032cd8 in main test_substr.c:43
    #6 0x196e6bf24  (<unknown module>)

0x0001060006f1 is located 0 bytes after 1-byte region [0x0001060006f0,0x0001060006f1)
allocated by thread T0 here:
    #0 0x103a82ba4 in wrap_malloc+0x94 (libclang_rt.asan_osx_dynamic.dylib:arm64e+0x52ba4)
    #1 0x100032e68 in malloc malloc_mock.c:65
    #2 0x10003973c in ft_substr ft_substr.c:22
    #3 0x10003236c in test_single_substr test_substr.c:7
    #4 0x100032454 in test_substr test_substr.c:13
    #5 0x100032cd8 in main test_substr.c:43
    #6 0x196e6bf24  (<unknown module>)

SUMMARY: AddressSanitizer: heap-buffer-overflow (libclang_rt.asan_osx_dynamic.dylib:arm64e+0x15d08) in wrap_strlen+0x264

For ft_strjoin, in /Users/nicolas/francinette/tests/libft/fsoares/test_strjoin.c:

Error in test 1: ft_strjoin("", ""): Memory problems!
0   test_strjoin.out                    0x00000001045a1f48 show_signal_msg + 556
1   test_strjoin.out                    0x00000001045a2040 sigabort + 40
2   libsystem_platform.dylib            0x00000001971f2a24 _sigtramp + 56
3   libsystem_pthread.dylib             0x00000001971c3c28 pthread_kill + 288
4   libsystem_c.dylib                   0x00000001970d1ae8 abort + 180
5   libclang_rt.asan_osx_dynamic.dylib  0x00000001080130e8 _ZN11__sanitizer6AtexitEPFvvE + 0
6   libclang_rt.asan_osx_dynamic.dylib  0x00000001080127d8 _ZN11__sanitizer22SetCheckUnwindCallbackEPFvvE + 0
7   libclang_rt.asan_osx_dynamic.dylib  0x0000000107ff6980 _ZN6__asan16ErrorDescription5PrintEv + 0
8   libclang_rt.asan_osx_dynamic.dylib  0x0000000107ff5c58 _ZN6__asan18ReportGenericErrorEmmmmbmjb + 1460
9   libclang_rt.asan_osx_dynamic.dylib  0x0000000107fb1d2c wrap_strlen + 648
10  test_strjoin.out                    0x00000001045a34a4 escape_str + 176
11  test_strjoin.out                    0x00000001045a5260 same_string + 256
12  test_strjoin.out                    0x000000010459e940 test_single_strjoin + 100
13  test_strjoin.out                    0x000000010459ea14 test_strjoin + 40
14  test_strjoin.out                    0x000000010459ec1c main + 192
15  dyld                                0x0000000196e6bf28 start + 2236

=================================================================
==67807==ERROR: AddressSanitizer: heap-buffer-overflow on address 0x00010a6006f1 at pc 0x000107fb1d0c bp 0x00016b862e40 sp 0x00016b862600
READ of size 2 at 0x00010a6006f1 thread T0
    #0 0x107fb1d08 in wrap_strlen+0x264 (libclang_rt.asan_osx_dynamic.dylib:arm64e+0x15d08)
    #1 0x1045a34a0 in escape_str utils.c:234
    #2 0x1045a525c in same_string utils.c:439
    #3 0x10459e93c in test_single_strjoin test_strjoin.c:7
    #4 0x10459ea10 in test_strjoin test_strjoin.c:13
    #5 0x10459ec18 in main test_strjoin.c:24
    #6 0x196e6bf24  (<unknown module>)

0x00010a6006f1 is located 0 bytes after 1-byte region [0x00010a6006f0,0x00010a6006f1)
allocated by thread T0 here:
    #0 0x107feeba4 in wrap_malloc+0x94 (libclang_rt.asan_osx_dynamic.dylib:arm64e+0x52ba4)
    #1 0x10459eda8 in malloc malloc_mock.c:65
    #2 0x1045a5674 in ft_strjoin ft_strjoin.c:25
    #3 0x10459e92c in test_single_strjoin test_strjoin.c:7
    #4 0x10459ea10 in test_strjoin test_strjoin.c:13
    #5 0x10459ec18 in main test_strjoin.c:24
    #6 0x196e6bf24  (<unknown module>)

SUMMARY: AddressSanitizer: heap-buffer-overflow (libclang_rt.asan_osx_dynamic.dylib:arm64e+0x15d08) in wrap_strlen+0x264

For ft_strtrim, in /Users/nicolas/francinette/tests/libft/fsoares/test_strtrim.c:

Error in test 1: ft_strtrim("", ""): Memory problems!
0   test_strtrim.out                    0x00000001023659b0 show_signal_msg + 556
1   test_strtrim.out                    0x0000000102365aa8 sigabort + 40
2   libsystem_platform.dylib            0x00000001971f2a24 _sigtramp + 56
3   libsystem_pthread.dylib             0x00000001971c3c28 pthread_kill + 288
4   libsystem_c.dylib                   0x00000001970d1ae8 abort + 180
5   libclang_rt.asan_osx_dynamic.dylib  0x0000000105dd70e8 _ZN11__sanitizer6AtexitEPFvvE + 0
6   libclang_rt.asan_osx_dynamic.dylib  0x0000000105dd67d8 _ZN11__sanitizer22SetCheckUnwindCallbackEPFvvE + 0
7   libclang_rt.asan_osx_dynamic.dylib  0x0000000105dba980 _ZN6__asan16ErrorDescription5PrintEv + 0
8   libclang_rt.asan_osx_dynamic.dylib  0x0000000105db9c58 _ZN6__asan18ReportGenericErrorEmmmmbmjb + 1460
9   libclang_rt.asan_osx_dynamic.dylib  0x0000000105dbaf10 __asan_report_load1 + 56
10  test_strtrim.out                    0x00000001023694b0 ft_strtrim + 216
11  test_strtrim.out                    0x0000000102362274 single_test_strtrim + 84
12  test_strtrim.out                    0x0000000102362358 test_strtrim + 40
13  test_strtrim.out                    0x0000000102362684 main + 192
14  dyld                                0x0000000196e6bf28 start + 2236

=================================================================
==67809==ERROR: AddressSanitizer: global-buffer-overflow on address 0x00010236ada1 at pc 0x0001023694b0 bp 0x00016da9efa0 sp 0x00016da9ef98
READ of size 1 at 0x00010236ada1 thread T0
    #0 0x1023694ac in ft_strtrim ft_strtrim.c:21
    #1 0x102362270 in single_test_strtrim test_strtrim.c:7
    #2 0x102362354 in test_strtrim test_strtrim.c:12
    #3 0x102362680 in main test_strtrim.c:26
    #4 0x196e6bf24  (<unknown module>)

0x00010236ada1 is located 0 bytes after global variable '.str.1' defined in 'test_strtrim.c' (0x10236ada0) of size 1
  '.str.1' is ascii string ''
SUMMARY: AddressSanitizer: global-buffer-overflow ft_strtrim.c:21 in ft_strtrim

